#-----------------------------------------------------------
# Vivado v2018.2 (64-bit)
# SW Build 2258646 on Thu Jun 14 20:03:12 MDT 2018
# IP Build 2256618 on Thu Jun 14 22:10:49 MDT 2018
# Start of session at: Sun Nov 28 18:05:16 2021
# Process ID: 21852
# Current directory: C:/Users/ecekarasu/lab3
# Command line: vivado.exe -gui_launcher_event rodinguilauncherevent19072 C:\Users\ecekarasu\lab3\lab3.xpr
# Log file: C:/Users/ecekarasu/lab3/vivado.log
# Journal file: C:/Users/ecekarasu/lab3\vivado.jou
#-----------------------------------------------------------
start_gui
open_project C:/Users/ecekarasu/lab3/lab3.xpr
Scanning sources...
Finished scanning sources
INFO: [IP_Flow 19-234] Refreshing IP repositories
INFO: [IP_Flow 19-1704] No user IP repositories specified
INFO: [IP_Flow 19-2313] Loaded Vivado IP repository 'C:/Xilinx/Vivado/2018.2/data/ip'.
open_project: Time (s): cpu = 00:00:15 ; elapsed = 00:00:07 . Memory (MB): peak = 828.457 ; gain = 102.473
update_compile_order -fileset sources_1
exit
INFO: [Common 17-206] Exiting Vivado at Mon Nov 29 01:13:18 2021...
